-- Found ament_cmake: 1.3.11 (/opt/ros/humble/share/ament_cmake/cmake)
-- Override CMake install command with custom implementation using symlinks instead of copying resources
-- Found rclcpp: 16.0.12 (/opt/ros/humble/share/rclcpp/cmake)
-- Found rosidl_generator_c: 3.1.6 (/opt/ros/humble/share/rosidl_generator_c/cmake)
-- Found rosidl_adapter: 3.1.6 (/opt/ros/humble/share/rosidl_adapter/cmake)
-- Found rosidl_generator_cpp: 3.1.6 (/opt/ros/humble/share/rosidl_generator_cpp/cmake)
-- Using all available rosidl_typesupport_c: rosidl_typesupport_fastrtps_c;rosidl_typesupport_introspection_c
-- Using all available rosidl_typesupport_cpp: rosidl_typesupport_fastrtps_cpp;rosidl_typesupport_introspection_cpp
-- Found rmw_implementation_cmake: 6.1.2 (/opt/ros/humble/share/rmw_implementation_cmake/cmake)
-- Found rmw_fastrtps_cpp: 6.2.7 (/opt/ros/humble/share/rmw_fastrtps_cpp/cmake)
-- Using RMW implementation 'rmw_fastrtps_cpp' as default
-- Found geometry_msgs: 4.8.0 (/opt/ros/humble/share/geometry_msgs/cmake)
-- Found sensor_msgs: 4.8.0 (/opt/ros/humble/share/sensor_msgs/cmake)
-- Found nav_msgs: 4.8.0 (/opt/ros/humble/share/nav_msgs/cmake)
-- Found tf2: 0.25.12 (/opt/ros/humble/share/tf2/cmake)
-- Configuring done
-- Generating done
-- Build files have been written to: /root/ros2_ws/build/track_car
[35m[1mConsolidate compiler generated dependencies of target control_node[0m
[35m[1mConsolidate compiler generated dependencies of target track_car_node[0m
[35m[1mConsolidate compiler generated dependencies of target alg_main[0m
[35m[1mConsolidate compiler generated dependencies of target memory_drive_node[0m
[ 15%] Built target track_car_node
[ 30%] [32mBuilding CXX object CMakeFiles/alg_main.dir/src/MemoryTrajectoryGenerate.cpp.o[0m
[ 30%] [32mBuilding CXX object CMakeFiles/alg_main.dir/src/MemoryDrive.cpp.o[0m
[ 38%] [32mBuilding CXX object CMakeFiles/alg_main.dir/src/AutoDriveControl.cpp.o[0m
[ 53%] Built target control_node
[ 61%] [32m[1mLinking CXX executable memory_drive_node[0m
/usr/bin/ld: /usr/lib/gcc/x86_64-linux-gnu/11/../../../x86_64-linux-gnu/Scrt1.o: in function `_start':
(.text+0x1b): undefined reference to `main'
collect2: error: ld returned 1 exit status
gmake[2]: *** [CMakeFiles/memory_drive_node.dir/build.make:208: memory_drive_node] Error 1
gmake[1]: *** [CMakeFiles/Makefile2:195: CMakeFiles/memory_drive_node.dir/all] Error 2
gmake[1]: *** Waiting for unfinished jobs....
[01m[K/root/ros2_ws/src/track_car/src/AutoDriveControl.cpp:[m[K In member function â€˜[01m[Kvoid AutoDriveControl::update(std::vector<sensor_msgs::msg::NavSatFix_<std::allocator<void> > >)[m[Kâ€™:
[01m[K/root/ros2_ws/src/track_car/src/AutoDriveControl.cpp:20:72:[m[K [01;35m[Kwarning: [m[Kunused parameter â€˜[01m[Ktrajectory[m[Kâ€™ [[01;35m[K]8;;https://gcc.gnu.org/onlinedocs/gcc/Warning-Options.html#index-Wunused-parameter-Wunused-parameter]8;;[m[K]
   20 | void AutoDriveControl::update([01;35m[Kstd::vector<sensor_msgs::msg::NavSatFix> trajectory[m[K)
      |                               [01;35m[K~~~~~~~~~~~~~~~~~~~~~~~~~~~~~~~~~~~~~~~~~^~~~~~~~~~[m[K
[ 69%] [32m[1mLinking CXX executable alg_main[0m
[ 76%] Built target alg_main
gmake: *** [Makefile:146: all] Error 2
