[0.018s] Invoking command in '/root/ros2_ws/build/track_car': CMAKE_PREFIX_PATH=${CMAKE_PREFIX_PATH}:/opt/ros/humble /usr/bin/cmake --build /root/ros2_ws/build/track_car -- -j8 -l8
[0.040s] -- Found ament_cmake: 1.3.11 (/opt/ros/humble/share/ament_cmake/cmake)
[0.145s] -- Override CMake install command with custom implementation using symlinks instead of copying resources
[0.152s] -- Found rclcpp: 16.0.12 (/opt/ros/humble/share/rclcpp/cmake)
[0.252s] -- Found rosidl_generator_c: 3.1.6 (/opt/ros/humble/share/rosidl_generator_c/cmake)
[0.255s] -- Found rosidl_adapter: 3.1.6 (/opt/ros/humble/share/rosidl_adapter/cmake)
[0.260s] -- Found rosidl_generator_cpp: 3.1.6 (/opt/ros/humble/share/rosidl_generator_cpp/cmake)
[0.269s] -- Using all available rosidl_typesupport_c: rosidl_typesupport_fastrtps_c;rosidl_typesupport_introspection_c
[0.281s] -- Using all available rosidl_typesupport_cpp: rosidl_typesupport_fastrtps_cpp;rosidl_typesupport_introspection_cpp
[0.315s] -- Found rmw_implementation_cmake: 6.1.2 (/opt/ros/humble/share/rmw_implementation_cmake/cmake)
[0.316s] -- Found rmw_fastrtps_cpp: 6.2.7 (/opt/ros/humble/share/rmw_fastrtps_cpp/cmake)
[3.234s] -- Using RMW implementation 'rmw_fastrtps_cpp' as default
[3.294s] -- Found geometry_msgs: 4.8.0 (/opt/ros/humble/share/geometry_msgs/cmake)
[3.305s] -- Found sensor_msgs: 4.8.0 (/opt/ros/humble/share/sensor_msgs/cmake)
[3.322s] -- Found nav_msgs: 4.8.0 (/opt/ros/humble/share/nav_msgs/cmake)
[3.338s] -- Found tf2: 0.25.12 (/opt/ros/humble/share/tf2/cmake)
[3.403s] -- Configuring done
[3.424s] -- Generating done
[3.432s] -- Build files have been written to: /root/ros2_ws/build/track_car
[3.457s] [35m[1mConsolidate compiler generated dependencies of target control_node[0m
[3.460s] [35m[1mConsolidate compiler generated dependencies of target track_car_node[0m
[3.460s] [35m[1mConsolidate compiler generated dependencies of target alg_main[0m
[3.462s] [35m[1mConsolidate compiler generated dependencies of target memory_drive_node[0m
[3.485s] [ 15%] Built target track_car_node
[3.488s] [ 30%] [32mBuilding CXX object CMakeFiles/alg_main.dir/src/MemoryTrajectoryGenerate.cpp.o[0m
[3.488s] [ 30%] [32mBuilding CXX object CMakeFiles/alg_main.dir/src/MemoryDrive.cpp.o[0m
[3.488s] [ 38%] [32mBuilding CXX object CMakeFiles/alg_main.dir/src/AutoDriveControl.cpp.o[0m
[3.495s] [ 53%] Built target control_node
[3.498s] [ 61%] [32m[1mLinking CXX executable memory_drive_node[0m
[4.368s] /usr/bin/ld: /usr/lib/gcc/x86_64-linux-gnu/11/../../../x86_64-linux-gnu/Scrt1.o: in function `_start':
[4.368s] (.text+0x1b): undefined reference to `main'
[4.476s] collect2: error: ld returned 1 exit status
[4.479s] gmake[2]: *** [CMakeFiles/memory_drive_node.dir/build.make:208: memory_drive_node] Error 1
[4.479s] gmake[1]: *** [CMakeFiles/Makefile2:195: CMakeFiles/memory_drive_node.dir/all] Error 2
[4.479s] gmake[1]: *** Waiting for unfinished jobs....
[6.867s] [01m[K/root/ros2_ws/src/track_car/src/AutoDriveControl.cpp:[m[K In member function â€˜[01m[Kvoid AutoDriveControl::update(std::vector<sensor_msgs::msg::NavSatFix_<std::allocator<void> > >)[m[Kâ€™:
[6.867s] [01m[K/root/ros2_ws/src/track_car/src/AutoDriveControl.cpp:20:72:[m[K [01;35m[Kwarning: [m[Kunused parameter â€˜[01m[Ktrajectory[m[Kâ€™ [[01;35m[K]8;;https://gcc.gnu.org/onlinedocs/gcc/Warning-Options.html#index-Wunused-parameter-Wunused-parameter]8;;[m[K]
[6.867s]    20 | void AutoDriveControl::update([01;35m[Kstd::vector<sensor_msgs::msg::NavSatFix> trajectory[m[K)
[6.867s]       |                               [01;35m[K~~~~~~~~~~~~~~~~~~~~~~~~~~~~~~~~~~~~~~~~~^~~~~~~~~~[m[K
[15.958s] [ 69%] [32m[1mLinking CXX executable alg_main[0m
[17.265s] [ 76%] Built target alg_main
[17.266s] gmake: *** [Makefile:146: all] Error 2
[17.269s] Invoked command in '/root/ros2_ws/build/track_car' returned '2': CMAKE_PREFIX_PATH=${CMAKE_PREFIX_PATH}:/opt/ros/humble /usr/bin/cmake --build /root/ros2_ws/build/track_car -- -j8 -l8
