-- Found ament_cmake: 1.3.11 (/opt/ros/humble/share/ament_cmake/cmake)
-- Override CMake install command with custom implementation using symlinks instead of copying resources
-- Found rclcpp: 16.0.12 (/opt/ros/humble/share/rclcpp/cmake)
-- Found rosidl_generator_c: 3.1.6 (/opt/ros/humble/share/rosidl_generator_c/cmake)
-- Found rosidl_adapter: 3.1.6 (/opt/ros/humble/share/rosidl_adapter/cmake)
-- Found rosidl_generator_cpp: 3.1.6 (/opt/ros/humble/share/rosidl_generator_cpp/cmake)
-- Using all available rosidl_typesupport_c: rosidl_typesupport_fastrtps_c;rosidl_typesupport_introspection_c
-- Using all available rosidl_typesupport_cpp: rosidl_typesupport_fastrtps_cpp;rosidl_typesupport_introspection_cpp
-- Found rmw_implementation_cmake: 6.1.2 (/opt/ros/humble/share/rmw_implementation_cmake/cmake)
-- Found rmw_fastrtps_cpp: 6.2.7 (/opt/ros/humble/share/rmw_fastrtps_cpp/cmake)
-- Using RMW implementation 'rmw_fastrtps_cpp' as default
-- Found geometry_msgs: 4.8.0 (/opt/ros/humble/share/geometry_msgs/cmake)
-- Found sensor_msgs: 4.8.0 (/opt/ros/humble/share/sensor_msgs/cmake)
-- Found nav_msgs: 4.8.0 (/opt/ros/humble/share/nav_msgs/cmake)
-- Found tf2: 0.25.12 (/opt/ros/humble/share/tf2/cmake)
-- Configuring done
-- Generating done
-- Build files have been written to: /root/ros2_ws/build/track_car
[35m[1mConsolidate compiler generated dependencies of target track_car_node[0m
[35m[1mConsolidate compiler generated dependencies of target control_node[0m
[35m[1mConsolidate compiler generated dependencies of target memory_drive_node[0m
[ 10%] [32mBuilding CXX object CMakeFiles/alg_main.dir/src/alg_main.cpp.o[0m
[ 30%] Built target control_node
[ 50%] Built target track_car_node
[ 60%] [32m[1mLinking CXX executable memory_drive_node[0m
/usr/bin/ld: /usr/lib/gcc/x86_64-linux-gnu/11/../../../x86_64-linux-gnu/Scrt1.o: in function `_start':
(.text+0x1b): undefined reference to `main'
collect2: error: ld returned 1 exit status
gmake[2]: *** [CMakeFiles/memory_drive_node.dir/build.make:208: memory_drive_node] Error 1
gmake[1]: *** [CMakeFiles/Makefile2:195: CMakeFiles/memory_drive_node.dir/all] Error 2
gmake[1]: *** Waiting for unfinished jobs....
[ 70%] [32m[1mLinking CXX executable alg_main[0m
/usr/bin/ld: CMakeFiles/alg_main.dir/src/alg_main.cpp.o: in function `main':
alg_main.cpp:(.text+0x103): undefined reference to `MemoryDriveNode::Update()'
/usr/bin/ld: CMakeFiles/alg_main.dir/src/alg_main.cpp.o: in function `void __gnu_cxx::new_allocator<MemoryDriveNode>::construct<MemoryDriveNode>(MemoryDriveNode*)':
alg_main.cpp:(.text._ZN9__gnu_cxx13new_allocatorI15MemoryDriveNodeE9constructIS1_JEEEvPT_DpOT0_[_ZN9__gnu_cxx13new_allocatorI15MemoryDriveNodeE9constructIS1_JEEEvPT_DpOT0_]+0x31): undefined reference to `MemoryDriveNode::MemoryDriveNode()'
collect2: error: ld returned 1 exit status
gmake[2]: *** [CMakeFiles/alg_main.dir/build.make:184: alg_main] Error 1
gmake[1]: *** [CMakeFiles/Makefile2:221: CMakeFiles/alg_main.dir/all] Error 2
gmake: *** [Makefile:146: all] Error 2
