[0.024s] Invoking command in '/root/ros2_ws/build/track_car': CMAKE_PREFIX_PATH=${CMAKE_PREFIX_PATH}:/opt/ros/humble /usr/bin/cmake --build /root/ros2_ws/build/track_car -- -j8 -l8
[0.166s] -- Found ament_cmake: 1.3.11 (/opt/ros/humble/share/ament_cmake/cmake)
[0.281s] -- Override CMake install command with custom implementation using symlinks instead of copying resources
[0.288s] -- Found rclcpp: 16.0.12 (/opt/ros/humble/share/rclcpp/cmake)
[0.402s] -- Found rosidl_generator_c: 3.1.6 (/opt/ros/humble/share/rosidl_generator_c/cmake)
[0.405s] -- Found rosidl_adapter: 3.1.6 (/opt/ros/humble/share/rosidl_adapter/cmake)
[0.411s] -- Found rosidl_generator_cpp: 3.1.6 (/opt/ros/humble/share/rosidl_generator_cpp/cmake)
[0.420s] -- Using all available rosidl_typesupport_c: rosidl_typesupport_fastrtps_c;rosidl_typesupport_introspection_c
[0.434s] -- Using all available rosidl_typesupport_cpp: rosidl_typesupport_fastrtps_cpp;rosidl_typesupport_introspection_cpp
[0.470s] -- Found rmw_implementation_cmake: 6.1.2 (/opt/ros/humble/share/rmw_implementation_cmake/cmake)
[0.471s] -- Found rmw_fastrtps_cpp: 6.2.7 (/opt/ros/humble/share/rmw_fastrtps_cpp/cmake)
[3.249s] -- Using RMW implementation 'rmw_fastrtps_cpp' as default
[3.305s] -- Found geometry_msgs: 4.8.0 (/opt/ros/humble/share/geometry_msgs/cmake)
[3.317s] -- Found sensor_msgs: 4.8.0 (/opt/ros/humble/share/sensor_msgs/cmake)
[3.334s] -- Found nav_msgs: 4.8.0 (/opt/ros/humble/share/nav_msgs/cmake)
[3.350s] -- Found tf2: 0.25.12 (/opt/ros/humble/share/tf2/cmake)
[3.416s] -- Configuring done
[3.437s] -- Generating done
[3.444s] -- Build files have been written to: /root/ros2_ws/build/track_car
[3.469s] [35m[1mConsolidate compiler generated dependencies of target track_car_node[0m
[3.469s] [35m[1mConsolidate compiler generated dependencies of target control_node[0m
[3.471s] [35m[1mConsolidate compiler generated dependencies of target memory_drive_node[0m
[3.482s] [ 10%] [32mBuilding CXX object CMakeFiles/alg_main.dir/src/alg_main.cpp.o[0m
[3.490s] [ 30%] Built target control_node
[3.492s] [ 50%] Built target track_car_node
[3.501s] [ 60%] [32m[1mLinking CXX executable memory_drive_node[0m
[4.182s] /usr/bin/ld: /usr/lib/gcc/x86_64-linux-gnu/11/../../../x86_64-linux-gnu/Scrt1.o: in function `_start':
[4.182s] (.text+0x1b): undefined reference to `main'
[4.272s] collect2: error: ld returned 1 exit status
[4.273s] gmake[2]: *** [CMakeFiles/memory_drive_node.dir/build.make:208: memory_drive_node] Error 1
[4.273s] gmake[1]: *** [CMakeFiles/Makefile2:195: CMakeFiles/memory_drive_node.dir/all] Error 2
[4.274s] gmake[1]: *** Waiting for unfinished jobs....
[6.879s] [ 70%] [32m[1mLinking CXX executable alg_main[0m
[7.009s] /usr/bin/ld: CMakeFiles/alg_main.dir/src/alg_main.cpp.o: in function `main':
[7.009s] alg_main.cpp:(.text+0x103): undefined reference to `MemoryDriveNode::Update()'
[7.009s] /usr/bin/ld: CMakeFiles/alg_main.dir/src/alg_main.cpp.o: in function `void __gnu_cxx::new_allocator<MemoryDriveNode>::construct<MemoryDriveNode>(MemoryDriveNode*)':
[7.009s] alg_main.cpp:(.text._ZN9__gnu_cxx13new_allocatorI15MemoryDriveNodeE9constructIS1_JEEEvPT_DpOT0_[_ZN9__gnu_cxx13new_allocatorI15MemoryDriveNodeE9constructIS1_JEEEvPT_DpOT0_]+0x31): undefined reference to `MemoryDriveNode::MemoryDriveNode()'
[7.015s] collect2: error: ld returned 1 exit status
[7.016s] gmake[2]: *** [CMakeFiles/alg_main.dir/build.make:184: alg_main] Error 1
[7.017s] gmake[1]: *** [CMakeFiles/Makefile2:221: CMakeFiles/alg_main.dir/all] Error 2
[7.017s] gmake: *** [Makefile:146: all] Error 2
[7.020s] Invoked command in '/root/ros2_ws/build/track_car' returned '2': CMAKE_PREFIX_PATH=${CMAKE_PREFIX_PATH}:/opt/ros/humble /usr/bin/cmake --build /root/ros2_ws/build/track_car -- -j8 -l8
