[ 25%] [32mBuilding CXX object CMakeFiles/track_car_node.dir/src/track_car_node.cpp.o[0m
[ 75%] Built target control_node
[01m[K/root/ros2_ws/src/track_car/src/track_car_node.cpp:11:10:[m[K [01;31m[Kfatal error: [m[Ktf2/LinearMath/Quaternion.h: No such file or directory
   11 | #include [01;31m[K"tf2/LinearMath/Quaternion.h"[m[K
      |          [01;31m[K^~~~~~~~~~~~~~~~~~~~~~~~~~~~~[m[K
compilation terminated.
gmake[2]: *** [CMakeFiles/track_car_node.dir/build.make:76: CMakeFiles/track_car_node.dir/src/track_car_node.cpp.o] Error 1
gmake[1]: *** [CMakeFiles/Makefile2:139: CMakeFiles/track_car_node.dir/all] Error 2
gmake: *** [Makefile:146: all] Error 2
