[0.045s] Invoking command in '/root/ros2_ws/build/track_car': CMAKE_PREFIX_PATH=/opt/ros/humble /usr/bin/cmake --build /root/ros2_ws/build/track_car -- -j8 -l8
[0.145s] [ 25%] [32mBuilding CXX object CMakeFiles/track_car_node.dir/src/track_car_node.cpp.o[0m
[0.149s] [ 75%] Built target control_node
[0.776s] [01m[K/root/ros2_ws/src/track_car/src/track_car_node.cpp:11:10:[m[K [01;31m[Kfatal error: [m[Ktf2/LinearMath/Quaternion.h: No such file or directory
[0.776s]    11 | #include [01;31m[K"tf2/LinearMath/Quaternion.h"[m[K
[0.776s]       |          [01;31m[K^~~~~~~~~~~~~~~~~~~~~~~~~~~~~[m[K
[0.776s] compilation terminated.
[0.779s] gmake[2]: *** [CMakeFiles/track_car_node.dir/build.make:76: CMakeFiles/track_car_node.dir/src/track_car_node.cpp.o] Error 1
[0.780s] gmake[1]: *** [CMakeFiles/Makefile2:139: CMakeFiles/track_car_node.dir/all] Error 2
[0.780s] gmake: *** [Makefile:146: all] Error 2
[0.791s] Invoked command in '/root/ros2_ws/build/track_car' returned '2': CMAKE_PREFIX_PATH=/opt/ros/humble /usr/bin/cmake --build /root/ros2_ws/build/track_car -- -j8 -l8
