[01m[K/root/ros2_ws/src/track_car/src/control_node.cpp:[m[K In constructor â€˜[01m[KGazeboControlNode::GazeboControlNode()[m[Kâ€™:
[01m[K/root/ros2_ws/src/track_car/src/control_node.cpp:13:13:[m[K [01;31m[Kerror: [m[Kunable to find numeric literal operator â€˜[01m[Koperator""ms[m[Kâ€™
   13 |             [01;31m[K500ms[m[K, std::bind(&GazeboControlNode::send_velocity, this));
      |             [01;31m[K^~~~~[m[K
gmake[2]: *** [CMakeFiles/control_node.dir/build.make:76: CMakeFiles/control_node.dir/src/control_node.cpp.o] Error 1
gmake[1]: *** [CMakeFiles/Makefile2:165: CMakeFiles/control_node.dir/all] Error 2
gmake: *** [Makefile:146: all] Error 2
