[0.022s] Invoking command in '/root/ros2_ws/build/track_car': CMAKE_PREFIX_PATH=${CMAKE_PREFIX_PATH}:/opt/ros/humble /usr/bin/cmake --build /root/ros2_ws/build/track_car -- -j8 -l8
[0.077s] [35m[1mConsolidate compiler generated dependencies of target control_node[0m
[0.100s] [ 50%] Built target track_car_node
[0.108s] [ 75%] [32mBuilding CXX object CMakeFiles/control_node.dir/src/control_node.cpp.o[0m
[3.681s] [01m[K/root/ros2_ws/src/track_car/src/control_node.cpp:[m[K In constructor â€˜[01m[KGazeboControlNode::GazeboControlNode()[m[Kâ€™:
[3.681s] [01m[K/root/ros2_ws/src/track_car/src/control_node.cpp:13:13:[m[K [01;31m[Kerror: [m[Kunable to find numeric literal operator â€˜[01m[Koperator""ms[m[Kâ€™
[3.681s]    13 |             [01;31m[K500ms[m[K, std::bind(&GazeboControlNode::send_velocity, this));
[3.681s]       |             [01;31m[K^~~~~[m[K
[4.890s] gmake[2]: *** [CMakeFiles/control_node.dir/build.make:76: CMakeFiles/control_node.dir/src/control_node.cpp.o] Error 1
[4.891s] gmake[1]: *** [CMakeFiles/Makefile2:165: CMakeFiles/control_node.dir/all] Error 2
[4.891s] gmake: *** [Makefile:146: all] Error 2
[4.893s] Invoked command in '/root/ros2_ws/build/track_car' returned '2': CMAKE_PREFIX_PATH=${CMAKE_PREFIX_PATH}:/opt/ros/humble /usr/bin/cmake --build /root/ros2_ws/build/track_car -- -j8 -l8
