[01m[K/root/ros2_ws/src/track_car/src/AutoDriveControl.cpp:[m[K In member function â€˜[01m[Kvoid AutoDriveControl::updateImUData(sensor_msgs::msg::Imu_<std::allocator<void> >::SharedPtr)[m[Kâ€™:
[01m[K/root/ros2_ws/src/track_car/src/AutoDriveControl.cpp:48:12:[m[K [01;35m[Kwarning: [m[Kunused variable â€˜[01m[Kcurrent_time[m[Kâ€™ [[01;35m[K]8;;https://gcc.gnu.org/onlinedocs/gcc/Warning-Options.html#index-Wunused-variable-Wunused-variable]8;;[m[K]
   48 |     double [01;35m[Kcurrent_time[m[K = node_->now().seconds();
      |            [01;35m[K^~~~~~~~~~~~[m[K
[01m[K/root/ros2_ws/src/track_car/src/AutoDriveControl.cpp:[m[K In member function â€˜[01m[Kvoid AutoDriveControl::updateTargetPos()[m[Kâ€™:
[01m[K/root/ros2_ws/src/track_car/src/AutoDriveControl.cpp:144:16:[m[K [01;35m[Kwarning: [m[Kunused variable â€˜[01m[Kdistance1[m[Kâ€™ [[01;35m[K]8;;https://gcc.gnu.org/onlinedocs/gcc/Warning-Options.html#index-Wunused-variable-Wunused-variable]8;;[m[K]
  144 |         double [01;35m[Kdistance1[m[K = std::sqrt(x1 * x1 + y1 * y1);
      |                [01;35m[K^~~~~~~~~[m[K
[01m[K/root/ros2_ws/src/track_car/src/AutoDriveControl.cpp:148:16:[m[K [01;35m[Kwarning: [m[Kunused variable â€˜[01m[Kdistance2[m[Kâ€™ [[01;35m[K]8;;https://gcc.gnu.org/onlinedocs/gcc/Warning-Options.html#index-Wunused-variable-Wunused-variable]8;;[m[K]
  148 |         double [01;35m[Kdistance2[m[K = std::sqrt(x2 * x2 + y2 * y2);
      |                [01;35m[K^~~~~~~~~[m[K
[01m[K/root/ros2_ws/src/track_car/src/AutoDriveControl.cpp:[m[K In member function â€˜[01m[Kvoid AutoDriveControl::update(const std::vector<sensor_msgs::msg::NavSatFix_<std::allocator<void> > >&, const int&)[m[Kâ€™:
[01m[K/root/ros2_ws/src/track_car/src/AutoDriveControl.cpp:259:10:[m[K [01;31m[Kerror: [m[Kjump to case label
  259 |     case [01;31m[K3[m[K:
      |          [01;31m[K^[m[K
[01m[K/root/ros2_ws/src/track_car/src/AutoDriveControl.cpp:249:16:[m[K [01;36m[Knote: [m[K  crosses initialization of â€˜[01m[Kdouble elapsed[m[Kâ€™
  249 |         double [01;36m[Kelapsed[m[K = now - log_start_time_.seconds();
      |                [01;36m[K^~~~~~~[m[K
[01m[K/root/ros2_ws/src/track_car/src/AutoDriveControl.cpp:248:16:[m[K [01;36m[Knote: [m[K  crosses initialization of â€˜[01m[Kdouble now[m[Kâ€™
  248 |         double [01;36m[Know[m[K = node_->now().seconds();
      |                [01;36m[K^~~[m[K
[01m[K/root/ros2_ws/src/track_car/src/AutoDriveControl.cpp:274:5:[m[K [01;31m[Kerror: [m[Kjump to case label
  274 |     [01;31m[Kdefault[m[K:
      |     [01;31m[K^~~~~~~[m[K
[01m[K/root/ros2_ws/src/track_car/src/AutoDriveControl.cpp:249:16:[m[K [01;36m[Knote: [m[K  crosses initialization of â€˜[01m[Kdouble elapsed[m[Kâ€™
  249 |         double [01;36m[Kelapsed[m[K = now - log_start_time_.seconds();
      |                [01;36m[K^~~~~~~[m[K
[01m[K/root/ros2_ws/src/track_car/src/AutoDriveControl.cpp:248:16:[m[K [01;36m[Knote: [m[K  crosses initialization of â€˜[01m[Kdouble now[m[Kâ€™
  248 |         double [01;36m[Know[m[K = node_->now().seconds();
      |                [01;36m[K^~~[m[K
gmake[2]: *** [CMakeFiles/alg_main.dir/build.make:118: CMakeFiles/alg_main.dir/src/AutoDriveControl.cpp.o] Error 1
gmake[1]: *** [CMakeFiles/Makefile2:193: CMakeFiles/alg_main.dir/all] Error 2
gmake: *** [Makefile:146: all] Error 2
