-- The C compiler identification is GNU 11.4.0
-- The CXX compiler identification is GNU 11.4.0
-- Detecting C compiler ABI info
-- Detecting C compiler ABI info - done
-- Check for working C compiler: /usr/bin/cc - skipped
-- Detecting C compile features
-- Detecting C compile features - done
-- Detecting CXX compiler ABI info
-- Detecting CXX compiler ABI info - done
-- Check for working CXX compiler: /usr/bin/c++ - skipped
-- Detecting CXX compile features
-- Detecting CXX compile features - done
-- Found ament_cmake: 1.3.11 (/opt/ros/humble/share/ament_cmake/cmake)
-- Found Python3: /usr/bin/python3 (found version "3.10.12") found components: Interpreter 
-- Found rclcpp: 16.0.12 (/opt/ros/humble/share/rclcpp/cmake)
-- Found rosidl_generator_c: 3.1.6 (/opt/ros/humble/share/rosidl_generator_c/cmake)
-- Found rosidl_adapter: 3.1.6 (/opt/ros/humble/share/rosidl_adapter/cmake)
-- Found rosidl_generator_cpp: 3.1.6 (/opt/ros/humble/share/rosidl_generator_cpp/cmake)
-- Using all available rosidl_typesupport_c: rosidl_typesupport_fastrtps_c;rosidl_typesupport_introspection_c
-- Using all available rosidl_typesupport_cpp: rosidl_typesupport_fastrtps_cpp;rosidl_typesupport_introspection_cpp
-- Found rmw_implementation_cmake: 6.1.2 (/opt/ros/humble/share/rmw_implementation_cmake/cmake)
-- Found rmw_fastrtps_cpp: 6.2.7 (/opt/ros/humble/share/rmw_fastrtps_cpp/cmake)
-- Found OpenSSL: /usr/lib/x86_64-linux-gnu/libcrypto.so (found version "3.0.2")  
-- Found FastRTPS: /opt/ros/humble/include  
-- Using RMW implementation 'rmw_fastrtps_cpp' as default
-- Looking for pthread.h
-- Looking for pthread.h - found
-- Performing Test CMAKE_HAVE_LIBC_PTHREAD
-- Performing Test CMAKE_HAVE_LIBC_PTHREAD - Success
-- Found Threads: TRUE  
-- Found geometry_msgs: 4.8.0 (/opt/ros/humble/share/geometry_msgs/cmake)
-- Found sensor_msgs: 4.8.0 (/opt/ros/humble/share/sensor_msgs/cmake)
-- Found nav_msgs: 4.8.0 (/opt/ros/humble/share/nav_msgs/cmake)
-- Found tf2: 0.25.12 (/opt/ros/humble/share/tf2/cmake)
-- Configuring done
-- Generating done
-- Build files have been written to: /root/ros2_ws/build/track_car
[35m[1mConsolidate compiler generated dependencies of target control_node[0m
[35m[1mConsolidate compiler generated dependencies of target track_car_node[0m
[35m[1mConsolidate compiler generated dependencies of target alg_main[0m
[ 22%] Built target control_node
[ 44%] Built target track_car_node
[ 55%] [32mBuilding CXX object CMakeFiles/alg_main.dir/src/AutoDriveControl.cpp.o[0m
[01m[K/root/ros2_ws/src/track_car/src/AutoDriveControl.cpp:[m[K In member function â€˜[01m[Kvoid AutoDriveControl::updateImUData(sensor_msgs::msg::Imu_<std::allocator<void> >::SharedPtr)[m[Kâ€™:
[01m[K/root/ros2_ws/src/track_car/src/AutoDriveControl.cpp:48:12:[m[K [01;35m[Kwarning: [m[Kunused variable â€˜[01m[Kcurrent_time[m[Kâ€™ [[01;35m[K]8;;https://gcc.gnu.org/onlinedocs/gcc/Warning-Options.html#index-Wunused-variable-Wunused-variable]8;;[m[K]
   48 |     double [01;35m[Kcurrent_time[m[K = node_->now().seconds();
      |            [01;35m[K^~~~~~~~~~~~[m[K
[01m[K/root/ros2_ws/src/track_car/src/AutoDriveControl.cpp:[m[K In member function â€˜[01m[Kvoid AutoDriveControl::updateTargetPos()[m[Kâ€™:
[01m[K/root/ros2_ws/src/track_car/src/AutoDriveControl.cpp:144:16:[m[K [01;35m[Kwarning: [m[Kunused variable â€˜[01m[Kdistance1[m[Kâ€™ [[01;35m[K]8;;https://gcc.gnu.org/onlinedocs/gcc/Warning-Options.html#index-Wunused-variable-Wunused-variable]8;;[m[K]
  144 |         double [01;35m[Kdistance1[m[K = std::sqrt(x1 * x1 + y1 * y1);
      |                [01;35m[K^~~~~~~~~[m[K
[01m[K/root/ros2_ws/src/track_car/src/AutoDriveControl.cpp:148:16:[m[K [01;35m[Kwarning: [m[Kunused variable â€˜[01m[Kdistance2[m[Kâ€™ [[01;35m[K]8;;https://gcc.gnu.org/onlinedocs/gcc/Warning-Options.html#index-Wunused-variable-Wunused-variable]8;;[m[K]
  148 |         double [01;35m[Kdistance2[m[K = std::sqrt(x2 * x2 + y2 * y2);
      |                [01;35m[K^~~~~~~~~[m[K
[01m[K/root/ros2_ws/src/track_car/src/AutoDriveControl.cpp:[m[K In member function â€˜[01m[Kvoid AutoDriveControl::update(const std::vector<sensor_msgs::msg::NavSatFix_<std::allocator<void> > >&, const int&)[m[Kâ€™:
[01m[K/root/ros2_ws/src/track_car/src/AutoDriveControl.cpp:259:10:[m[K [01;31m[Kerror: [m[Kjump to case label
  259 |     case [01;31m[K3[m[K:
      |          [01;31m[K^[m[K
[01m[K/root/ros2_ws/src/track_car/src/AutoDriveControl.cpp:249:16:[m[K [01;36m[Knote: [m[K  crosses initialization of â€˜[01m[Kdouble elapsed[m[Kâ€™
  249 |         double [01;36m[Kelapsed[m[K = now - log_start_time_.seconds();
      |                [01;36m[K^~~~~~~[m[K
[01m[K/root/ros2_ws/src/track_car/src/AutoDriveControl.cpp:248:16:[m[K [01;36m[Knote: [m[K  crosses initialization of â€˜[01m[Kdouble now[m[Kâ€™
  248 |         double [01;36m[Know[m[K = node_->now().seconds();
      |                [01;36m[K^~~[m[K
[01m[K/root/ros2_ws/src/track_car/src/AutoDriveControl.cpp:274:5:[m[K [01;31m[Kerror: [m[Kjump to case label
  274 |     [01;31m[Kdefault[m[K:
      |     [01;31m[K^~~~~~~[m[K
[01m[K/root/ros2_ws/src/track_car/src/AutoDriveControl.cpp:249:16:[m[K [01;36m[Knote: [m[K  crosses initialization of â€˜[01m[Kdouble elapsed[m[Kâ€™
  249 |         double [01;36m[Kelapsed[m[K = now - log_start_time_.seconds();
      |                [01;36m[K^~~~~~~[m[K
[01m[K/root/ros2_ws/src/track_car/src/AutoDriveControl.cpp:248:16:[m[K [01;36m[Knote: [m[K  crosses initialization of â€˜[01m[Kdouble now[m[Kâ€™
  248 |         double [01;36m[Know[m[K = node_->now().seconds();
      |                [01;36m[K^~~[m[K
gmake[2]: *** [CMakeFiles/alg_main.dir/build.make:118: CMakeFiles/alg_main.dir/src/AutoDriveControl.cpp.o] Error 1
gmake[1]: *** [CMakeFiles/Makefile2:193: CMakeFiles/alg_main.dir/all] Error 2
gmake: *** [Makefile:146: all] Error 2
