[0.046s] Invoking command in '/root/ros2_ws/build/track_car': CMAKE_PREFIX_PATH=/opt/ros/humble /usr/bin/cmake /root/ros2_ws/src/track_car -DCMAKE_INSTALL_PREFIX=/root/ros2_ws/install/track_car
[0.166s] -- The C compiler identification is GNU 11.4.0
[0.607s] -- The CXX compiler identification is GNU 11.4.0
[0.878s] -- Detecting C compiler ABI info
[1.243s] -- Detecting C compiler ABI info - done
[1.267s] -- Check for working C compiler: /usr/bin/cc - skipped
[1.268s] -- Detecting C compile features
[1.269s] -- Detecting C compile features - done
[1.276s] -- Detecting CXX compiler ABI info
[1.477s] -- Detecting CXX compiler ABI info - done
[1.489s] -- Check for working CXX compiler: /usr/bin/c++ - skipped
[1.489s] -- Detecting CXX compile features
[1.490s] -- Detecting CXX compile features - done
[1.493s] -- Found ament_cmake: 1.3.11 (/opt/ros/humble/share/ament_cmake/cmake)
[1.769s] -- Found Python3: /usr/bin/python3 (found version "3.10.12") found components: Interpreter 
[1.906s] -- Found rclcpp: 16.0.12 (/opt/ros/humble/share/rclcpp/cmake)
[2.091s] -- Found rosidl_generator_c: 3.1.6 (/opt/ros/humble/share/rosidl_generator_c/cmake)
[2.096s] -- Found rosidl_adapter: 3.1.6 (/opt/ros/humble/share/rosidl_adapter/cmake)
[2.106s] -- Found rosidl_generator_cpp: 3.1.6 (/opt/ros/humble/share/rosidl_generator_cpp/cmake)
[2.123s] -- Using all available rosidl_typesupport_c: rosidl_typesupport_fastrtps_c;rosidl_typesupport_introspection_c
[2.150s] -- Using all available rosidl_typesupport_cpp: rosidl_typesupport_fastrtps_cpp;rosidl_typesupport_introspection_cpp
[2.208s] -- Found rmw_implementation_cmake: 6.1.2 (/opt/ros/humble/share/rmw_implementation_cmake/cmake)
[2.210s] -- Found rmw_fastrtps_cpp: 6.2.7 (/opt/ros/humble/share/rmw_fastrtps_cpp/cmake)
[3.485s] -- Found OpenSSL: /usr/lib/x86_64-linux-gnu/libcrypto.so (found version "3.0.2")  
[4.780s] -- Found FastRTPS: /opt/ros/humble/include  
[7.281s] -- Using RMW implementation 'rmw_fastrtps_cpp' as default
[7.295s] -- Looking for pthread.h
[7.449s] -- Looking for pthread.h - found
[7.450s] -- Performing Test CMAKE_HAVE_LIBC_PTHREAD
[7.668s] -- Performing Test CMAKE_HAVE_LIBC_PTHREAD - Success
[7.670s] -- Found Threads: TRUE  
[7.763s] -- Found geometry_msgs: 4.8.0 (/opt/ros/humble/share/geometry_msgs/cmake)
[7.780s] -- Found sensor_msgs: 4.8.0 (/opt/ros/humble/share/sensor_msgs/cmake)
[7.813s] -- Found nav_msgs: 4.8.0 (/opt/ros/humble/share/nav_msgs/cmake)
[7.841s] -- Found tf2: 0.25.12 (/opt/ros/humble/share/tf2/cmake)
[7.964s] -- Configuring done
[7.995s] -- Generating done
[8.010s] -- Build files have been written to: /root/ros2_ws/build/track_car
[8.029s] Invoked command in '/root/ros2_ws/build/track_car' returned '0': CMAKE_PREFIX_PATH=/opt/ros/humble /usr/bin/cmake /root/ros2_ws/src/track_car -DCMAKE_INSTALL_PREFIX=/root/ros2_ws/install/track_car
[8.032s] Invoking command in '/root/ros2_ws/build/track_car': CMAKE_PREFIX_PATH=/opt/ros/humble /usr/bin/cmake --build /root/ros2_ws/build/track_car -- -j8 -l8
[8.106s] [35m[1mConsolidate compiler generated dependencies of target control_node[0m
[8.108s] [35m[1mConsolidate compiler generated dependencies of target track_car_node[0m
[8.111s] [35m[1mConsolidate compiler generated dependencies of target alg_main[0m
[8.139s] [ 22%] Built target control_node
[8.192s] [ 44%] Built target track_car_node
[8.193s] [ 55%] [32mBuilding CXX object CMakeFiles/alg_main.dir/src/AutoDriveControl.cpp.o[0m
[14.000s] [01m[K/root/ros2_ws/src/track_car/src/AutoDriveControl.cpp:[m[K In member function â€˜[01m[Kvoid AutoDriveControl::updateImUData(sensor_msgs::msg::Imu_<std::allocator<void> >::SharedPtr)[m[Kâ€™:
[14.001s] [01m[K/root/ros2_ws/src/track_car/src/AutoDriveControl.cpp:48:12:[m[K [01;35m[Kwarning: [m[Kunused variable â€˜[01m[Kcurrent_time[m[Kâ€™ [[01;35m[K]8;;https://gcc.gnu.org/onlinedocs/gcc/Warning-Options.html#index-Wunused-variable-Wunused-variable]8;;[m[K]
[14.001s]    48 |     double [01;35m[Kcurrent_time[m[K = node_->now().seconds();
[14.001s]       |            [01;35m[K^~~~~~~~~~~~[m[K
[14.010s] [01m[K/root/ros2_ws/src/track_car/src/AutoDriveControl.cpp:[m[K In member function â€˜[01m[Kvoid AutoDriveControl::updateTargetPos()[m[Kâ€™:
[14.010s] [01m[K/root/ros2_ws/src/track_car/src/AutoDriveControl.cpp:144:16:[m[K [01;35m[Kwarning: [m[Kunused variable â€˜[01m[Kdistance1[m[Kâ€™ [[01;35m[K]8;;https://gcc.gnu.org/onlinedocs/gcc/Warning-Options.html#index-Wunused-variable-Wunused-variable]8;;[m[K]
[14.011s]   144 |         double [01;35m[Kdistance1[m[K = std::sqrt(x1 * x1 + y1 * y1);
[14.011s]       |                [01;35m[K^~~~~~~~~[m[K
[14.011s] [01m[K/root/ros2_ws/src/track_car/src/AutoDriveControl.cpp:148:16:[m[K [01;35m[Kwarning: [m[Kunused variable â€˜[01m[Kdistance2[m[Kâ€™ [[01;35m[K]8;;https://gcc.gnu.org/onlinedocs/gcc/Warning-Options.html#index-Wunused-variable-Wunused-variable]8;;[m[K]
[14.011s]   148 |         double [01;35m[Kdistance2[m[K = std::sqrt(x2 * x2 + y2 * y2);
[14.011s]       |                [01;35m[K^~~~~~~~~[m[K
[14.025s] [01m[K/root/ros2_ws/src/track_car/src/AutoDriveControl.cpp:[m[K In member function â€˜[01m[Kvoid AutoDriveControl::update(const std::vector<sensor_msgs::msg::NavSatFix_<std::allocator<void> > >&, const int&)[m[Kâ€™:
[14.026s] [01m[K/root/ros2_ws/src/track_car/src/AutoDriveControl.cpp:259:10:[m[K [01;31m[Kerror: [m[Kjump to case label
[14.026s]   259 |     case [01;31m[K3[m[K:
[14.026s]       |          [01;31m[K^[m[K
[14.026s] [01m[K/root/ros2_ws/src/track_car/src/AutoDriveControl.cpp:249:16:[m[K [01;36m[Knote: [m[K  crosses initialization of â€˜[01m[Kdouble elapsed[m[Kâ€™
[14.026s]   249 |         double [01;36m[Kelapsed[m[K = now - log_start_time_.seconds();
[14.026s]       |                [01;36m[K^~~~~~~[m[K
[14.027s] [01m[K/root/ros2_ws/src/track_car/src/AutoDriveControl.cpp:248:16:[m[K [01;36m[Knote: [m[K  crosses initialization of â€˜[01m[Kdouble now[m[Kâ€™
[14.027s]   248 |         double [01;36m[Know[m[K = node_->now().seconds();
[14.027s]       |                [01;36m[K^~~[m[K
[14.027s] [01m[K/root/ros2_ws/src/track_car/src/AutoDriveControl.cpp:274:5:[m[K [01;31m[Kerror: [m[Kjump to case label
[14.027s]   274 |     [01;31m[Kdefault[m[K:
[14.027s]       |     [01;31m[K^~~~~~~[m[K
[14.028s] [01m[K/root/ros2_ws/src/track_car/src/AutoDriveControl.cpp:249:16:[m[K [01;36m[Knote: [m[K  crosses initialization of â€˜[01m[Kdouble elapsed[m[Kâ€™
[14.028s]   249 |         double [01;36m[Kelapsed[m[K = now - log_start_time_.seconds();
[14.028s]       |                [01;36m[K^~~~~~~[m[K
[14.028s] [01m[K/root/ros2_ws/src/track_car/src/AutoDriveControl.cpp:248:16:[m[K [01;36m[Knote: [m[K  crosses initialization of â€˜[01m[Kdouble now[m[Kâ€™
[14.028s]   248 |         double [01;36m[Know[m[K = node_->now().seconds();
[14.028s]       |                [01;36m[K^~~[m[K
[21.468s] gmake[2]: *** [CMakeFiles/alg_main.dir/build.make:118: CMakeFiles/alg_main.dir/src/AutoDriveControl.cpp.o] Error 1
[21.468s] gmake[1]: *** [CMakeFiles/Makefile2:193: CMakeFiles/alg_main.dir/all] Error 2
[21.468s] gmake: *** [Makefile:146: all] Error 2
[21.472s] Invoked command in '/root/ros2_ws/build/track_car' returned '2': CMAKE_PREFIX_PATH=/opt/ros/humble /usr/bin/cmake --build /root/ros2_ws/build/track_car -- -j8 -l8
