[01m[K/root/ros2_ws/src/track_car/src/AutoDriveControl.cpp:1:10:[m[K [01;31m[Kfatal error: [m[KAutoDriveControl.hpp: No such file or directory
    1 | #include [01;31m[K"AutoDriveControl.hpp"[m[K
      |          [01;31m[K^~~~~~~~~~~~~~~~~~~~~~[m[K
compilation terminated.
[01m[K/root/ros2_ws/src/track_car/src/MemoryTrajectoryGenerate.cpp:1:10:[m[K [01;31m[Kfatal error: [m[KMemoryTrajectoryGenerate.hpp: No such file or directory
    1 | #include [01;31m[K"MemoryTrajectoryGenerate.hpp"[m[K
      |          [01;31m[K^~~~~~~~~~~~~~~~~~~~~~~~~~~~~~[m[K
compilation terminated.
gmake[2]: *** [CMakeFiles/memory_drive_node.dir/build.make:90: CMakeFiles/memory_drive_node.dir/src/MemoryTrajectoryGenerate.cpp.o] Error 1
gmake[2]: *** Waiting for unfinished jobs....
gmake[2]: *** [CMakeFiles/memory_drive_node.dir/build.make:104: CMakeFiles/memory_drive_node.dir/src/AutoDriveControl.cpp.o] Error 1
gmake[1]: *** [CMakeFiles/Makefile2:193: CMakeFiles/memory_drive_node.dir/all] Error 2
gmake[1]: *** Waiting for unfinished jobs....
gmake: *** [Makefile:146: all] Error 2
