-- Found ament_cmake: 1.3.11 (/opt/ros/humble/share/ament_cmake/cmake)
-- Override CMake install command with custom implementation using symlinks instead of copying resources
-- Found rclcpp: 16.0.12 (/opt/ros/humble/share/rclcpp/cmake)
-- Found rosidl_generator_c: 3.1.6 (/opt/ros/humble/share/rosidl_generator_c/cmake)
-- Found rosidl_adapter: 3.1.6 (/opt/ros/humble/share/rosidl_adapter/cmake)
-- Found rosidl_generator_cpp: 3.1.6 (/opt/ros/humble/share/rosidl_generator_cpp/cmake)
-- Using all available rosidl_typesupport_c: rosidl_typesupport_fastrtps_c;rosidl_typesupport_introspection_c
-- Using all available rosidl_typesupport_cpp: rosidl_typesupport_fastrtps_cpp;rosidl_typesupport_introspection_cpp
-- Found rmw_implementation_cmake: 6.1.2 (/opt/ros/humble/share/rmw_implementation_cmake/cmake)
-- Found rmw_fastrtps_cpp: 6.2.7 (/opt/ros/humble/share/rmw_fastrtps_cpp/cmake)
-- Using RMW implementation 'rmw_fastrtps_cpp' as default
-- Found geometry_msgs: 4.8.0 (/opt/ros/humble/share/geometry_msgs/cmake)
-- Found sensor_msgs: 4.8.0 (/opt/ros/humble/share/sensor_msgs/cmake)
-- Found nav_msgs: 4.8.0 (/opt/ros/humble/share/nav_msgs/cmake)
-- Found tf2: 0.25.12 (/opt/ros/humble/share/tf2/cmake)
-- Configuring done
-- Generating done
-- Build files have been written to: /root/ros2_ws/build/track_car
[ 12%] [32mBuilding CXX object CMakeFiles/memory_drive_node.dir/src/MemoryTrajectoryGenerate.cpp.o[0m
[ 37%] [32mBuilding CXX object CMakeFiles/memory_drive_node.dir/src/AutoDriveControl.cpp.o[0m
[ 37%] [32mBuilding CXX object CMakeFiles/memory_drive_node.dir/src/MemoryDrive.cpp.o[0m
[35m[1mConsolidate compiler generated dependencies of target control_node[0m
[35m[1mConsolidate compiler generated dependencies of target track_car_node[0m
[ 50%] [32mBuilding CXX object CMakeFiles/track_car_node.dir/src/track_car_node.cpp.o[0m
[ 62%] [32mBuilding CXX object CMakeFiles/control_node.dir/src/control_node.cpp.o[0m
[01m[K/root/ros2_ws/src/track_car/src/AutoDriveControl.cpp:1:10:[m[K [01;31m[Kfatal error: [m[KAutoDriveControl.hpp: No such file or directory
    1 | #include [01;31m[K"AutoDriveControl.hpp"[m[K
      |          [01;31m[K^~~~~~~~~~~~~~~~~~~~~~[m[K
compilation terminated.
[01m[K/root/ros2_ws/src/track_car/src/MemoryTrajectoryGenerate.cpp:1:10:[m[K [01;31m[Kfatal error: [m[KMemoryTrajectoryGenerate.hpp: No such file or directory
    1 | #include [01;31m[K"MemoryTrajectoryGenerate.hpp"[m[K
      |          [01;31m[K^~~~~~~~~~~~~~~~~~~~~~~~~~~~~~[m[K
compilation terminated.
gmake[2]: *** [CMakeFiles/memory_drive_node.dir/build.make:90: CMakeFiles/memory_drive_node.dir/src/MemoryTrajectoryGenerate.cpp.o] Error 1
gmake[2]: *** Waiting for unfinished jobs....
gmake[2]: *** [CMakeFiles/memory_drive_node.dir/build.make:104: CMakeFiles/memory_drive_node.dir/src/AutoDriveControl.cpp.o] Error 1
gmake[1]: *** [CMakeFiles/Makefile2:193: CMakeFiles/memory_drive_node.dir/all] Error 2
gmake[1]: *** Waiting for unfinished jobs....
[ 75%] [32m[1mLinking CXX executable control_node[0m
[ 75%] Built target control_node
[ 87%] [32m[1mLinking CXX executable track_car_node[0m
[ 87%] Built target track_car_node
gmake: *** [Makefile:146: all] Error 2
