[0.086s] Invoking command in '/root/ros2_ws/build/track_car': CMAKE_PREFIX_PATH=/opt/ros/humble /usr/bin/cmake --build /root/ros2_ws/build/track_car -- -j8 -l8
[1.651s] -- Found ament_cmake: 1.3.11 (/opt/ros/humble/share/ament_cmake/cmake)
[1.973s] -- Override CMake install command with custom implementation using symlinks instead of copying resources
[2.132s] -- Found rclcpp: 16.0.12 (/opt/ros/humble/share/rclcpp/cmake)
[2.460s] -- Found rosidl_generator_c: 3.1.6 (/opt/ros/humble/share/rosidl_generator_c/cmake)
[2.481s] -- Found rosidl_adapter: 3.1.6 (/opt/ros/humble/share/rosidl_adapter/cmake)
[2.517s] -- Found rosidl_generator_cpp: 3.1.6 (/opt/ros/humble/share/rosidl_generator_cpp/cmake)
[2.605s] -- Using all available rosidl_typesupport_c: rosidl_typesupport_fastrtps_c;rosidl_typesupport_introspection_c
[2.689s] -- Using all available rosidl_typesupport_cpp: rosidl_typesupport_fastrtps_cpp;rosidl_typesupport_introspection_cpp
[2.872s] -- Found rmw_implementation_cmake: 6.1.2 (/opt/ros/humble/share/rmw_implementation_cmake/cmake)
[2.877s] -- Found rmw_fastrtps_cpp: 6.2.7 (/opt/ros/humble/share/rmw_fastrtps_cpp/cmake)
[5.936s] -- Using RMW implementation 'rmw_fastrtps_cpp' as default
[6.187s] -- Found geometry_msgs: 4.8.0 (/opt/ros/humble/share/geometry_msgs/cmake)
[6.240s] -- Found sensor_msgs: 4.8.0 (/opt/ros/humble/share/sensor_msgs/cmake)
[6.280s] -- Found nav_msgs: 4.8.0 (/opt/ros/humble/share/nav_msgs/cmake)
[6.322s] -- Found tf2: 0.25.12 (/opt/ros/humble/share/tf2/cmake)
[6.404s] -- Configuring done
[6.490s] -- Generating done
[6.516s] -- Build files have been written to: /root/ros2_ws/build/track_car
[6.563s] [ 12%] [32mBuilding CXX object CMakeFiles/memory_drive_node.dir/src/MemoryTrajectoryGenerate.cpp.o[0m
[6.565s] [ 37%] [32mBuilding CXX object CMakeFiles/memory_drive_node.dir/src/AutoDriveControl.cpp.o[0m
[6.565s] [ 37%] [32mBuilding CXX object CMakeFiles/memory_drive_node.dir/src/MemoryDrive.cpp.o[0m
[6.575s] [35m[1mConsolidate compiler generated dependencies of target control_node[0m
[6.575s] [35m[1mConsolidate compiler generated dependencies of target track_car_node[0m
[6.596s] [ 50%] [32mBuilding CXX object CMakeFiles/track_car_node.dir/src/track_car_node.cpp.o[0m
[6.607s] [ 62%] [32mBuilding CXX object CMakeFiles/control_node.dir/src/control_node.cpp.o[0m
[6.829s] [01m[K/root/ros2_ws/src/track_car/src/AutoDriveControl.cpp:1:10:[m[K [01;31m[Kfatal error: [m[KAutoDriveControl.hpp: No such file or directory
[6.829s]     1 | #include [01;31m[K"AutoDriveControl.hpp"[m[K
[6.830s]       |          [01;31m[K^~~~~~~~~~~~~~~~~~~~~~[m[K
[6.830s] compilation terminated.
[6.830s] [01m[K/root/ros2_ws/src/track_car/src/MemoryTrajectoryGenerate.cpp:1:10:[m[K [01;31m[Kfatal error: [m[KMemoryTrajectoryGenerate.hpp: No such file or directory
[6.831s]     1 | #include [01;31m[K"MemoryTrajectoryGenerate.hpp"[m[K
[6.831s]       |          [01;31m[K^~~~~~~~~~~~~~~~~~~~~~~~~~~~~~[m[K
[6.831s] compilation terminated.
[6.867s] gmake[2]: *** [CMakeFiles/memory_drive_node.dir/build.make:90: CMakeFiles/memory_drive_node.dir/src/MemoryTrajectoryGenerate.cpp.o] Error 1
[6.868s] gmake[2]: *** Waiting for unfinished jobs....
[6.868s] gmake[2]: *** [CMakeFiles/memory_drive_node.dir/build.make:104: CMakeFiles/memory_drive_node.dir/src/AutoDriveControl.cpp.o] Error 1
[11.441s] gmake[1]: *** [CMakeFiles/Makefile2:193: CMakeFiles/memory_drive_node.dir/all] Error 2
[11.441s] gmake[1]: *** Waiting for unfinished jobs....
[12.731s] [ 75%] [32m[1mLinking CXX executable control_node[0m
[13.289s] [ 75%] Built target control_node
[20.230s] [ 87%] [32m[1mLinking CXX executable track_car_node[0m
[21.417s] [ 87%] Built target track_car_node
[21.417s] gmake: *** [Makefile:146: all] Error 2
[21.420s] Invoked command in '/root/ros2_ws/build/track_car' returned '2': CMAKE_PREFIX_PATH=/opt/ros/humble /usr/bin/cmake --build /root/ros2_ws/build/track_car -- -j8 -l8
