[01m[K/root/ros2_ws/src/track_car/src/AutoDriveControl.cpp:[m[K In member function â€˜[01m[Kvoid AutoDriveControl::update(std::vector<sensor_msgs::msg::NavSatFix_<std::allocator<void> > >)[m[Kâ€™:
[01m[K/root/ros2_ws/src/track_car/src/AutoDriveControl.cpp:20:72:[m[K [01;35m[Kwarning: [m[Kunused parameter â€˜[01m[Ktrajectory[m[Kâ€™ [[01;35m[K]8;;https://gcc.gnu.org/onlinedocs/gcc/Warning-Options.html#index-Wunused-parameter-Wunused-parameter]8;;[m[K]
   20 | void AutoDriveControl::update([01;35m[Kstd::vector<sensor_msgs::msg::NavSatFix> trajectory[m[K)
      |                               [01;35m[K~~~~~~~~~~~~~~~~~~~~~~~~~~~~~~~~~~~~~~~~~^~~~~~~~~~[m[K
/usr/bin/ld: /usr/lib/gcc/x86_64-linux-gnu/11/../../../x86_64-linux-gnu/Scrt1.o: in function `_start':
(.text+0x1b): undefined reference to `main'
collect2: error: ld returned 1 exit status
gmake[2]: *** [CMakeFiles/memory_drive_node.dir/build.make:208: memory_drive_node] Error 1
gmake[1]: *** [CMakeFiles/Makefile2:193: CMakeFiles/memory_drive_node.dir/all] Error 2
gmake: *** [Makefile:146: all] Error 2
