[0.023s] Invoking command in '/root/ros2_ws/build/track_car': CMAKE_PREFIX_PATH=${CMAKE_PREFIX_PATH}:/opt/ros/humble /usr/bin/cmake --build /root/ros2_ws/build/track_car -- -j8 -l8
[0.066s] [35m[1mConsolidate compiler generated dependencies of target memory_drive_node[0m
[0.082s] [ 25%] Built target control_node
[0.086s] [ 50%] Built target track_car_node
[0.100s] [ 62%] [32mBuilding CXX object CMakeFiles/memory_drive_node.dir/src/AutoDriveControl.cpp.o[0m
[2.507s] [01m[K/root/ros2_ws/src/track_car/src/AutoDriveControl.cpp:[m[K In member function â€˜[01m[Kvoid AutoDriveControl::update(std::vector<sensor_msgs::msg::NavSatFix_<std::allocator<void> > >)[m[Kâ€™:
[2.507s] [01m[K/root/ros2_ws/src/track_car/src/AutoDriveControl.cpp:20:72:[m[K [01;35m[Kwarning: [m[Kunused parameter â€˜[01m[Ktrajectory[m[Kâ€™ [[01;35m[K]8;;https://gcc.gnu.org/onlinedocs/gcc/Warning-Options.html#index-Wunused-parameter-Wunused-parameter]8;;[m[K]
[2.507s]    20 | void AutoDriveControl::update([01;35m[Kstd::vector<sensor_msgs::msg::NavSatFix> trajectory[m[K)
[2.508s]       |                               [01;35m[K~~~~~~~~~~~~~~~~~~~~~~~~~~~~~~~~~~~~~~~~~^~~~~~~~~~[m[K
[3.014s] [ 75%] [32m[1mLinking CXX executable memory_drive_node[0m
[3.610s] /usr/bin/ld: /usr/lib/gcc/x86_64-linux-gnu/11/../../../x86_64-linux-gnu/Scrt1.o: in function `_start':
[3.610s] (.text+0x1b): undefined reference to `main'
[3.677s] collect2: error: ld returned 1 exit status
[3.679s] gmake[2]: *** [CMakeFiles/memory_drive_node.dir/build.make:208: memory_drive_node] Error 1
[3.679s] gmake[1]: *** [CMakeFiles/Makefile2:193: CMakeFiles/memory_drive_node.dir/all] Error 2
[3.679s] gmake: *** [Makefile:146: all] Error 2
[3.682s] Invoked command in '/root/ros2_ws/build/track_car' returned '2': CMAKE_PREFIX_PATH=${CMAKE_PREFIX_PATH}:/opt/ros/humble /usr/bin/cmake --build /root/ros2_ws/build/track_car -- -j8 -l8
