[0.017s] Invoking command in '/root/ros2_ws/build/track_car': CMAKE_PREFIX_PATH=${CMAKE_PREFIX_PATH}:/opt/ros/humble /usr/bin/cmake --build /root/ros2_ws/build/track_car -- -j8 -l8
[0.044s] -- Found ament_cmake: 1.3.11 (/opt/ros/humble/share/ament_cmake/cmake)
[0.212s] -- Found rclcpp: 16.0.12 (/opt/ros/humble/share/rclcpp/cmake)
[0.365s] -- Found rosidl_generator_c: 3.1.6 (/opt/ros/humble/share/rosidl_generator_c/cmake)
[0.369s] -- Found rosidl_adapter: 3.1.6 (/opt/ros/humble/share/rosidl_adapter/cmake)
[0.377s] -- Found rosidl_generator_cpp: 3.1.6 (/opt/ros/humble/share/rosidl_generator_cpp/cmake)
[0.390s] -- Using all available rosidl_typesupport_c: rosidl_typesupport_fastrtps_c;rosidl_typesupport_introspection_c
[0.405s] -- Using all available rosidl_typesupport_cpp: rosidl_typesupport_fastrtps_cpp;rosidl_typesupport_introspection_cpp
[0.454s] -- Found rmw_implementation_cmake: 6.1.2 (/opt/ros/humble/share/rmw_implementation_cmake/cmake)
[0.456s] -- Found rmw_fastrtps_cpp: 6.2.7 (/opt/ros/humble/share/rmw_fastrtps_cpp/cmake)
[4.399s] -- Using RMW implementation 'rmw_fastrtps_cpp' as default
[4.467s] -- Found geometry_msgs: 4.8.0 (/opt/ros/humble/share/geometry_msgs/cmake)
[4.486s] -- Found sensor_msgs: 4.8.0 (/opt/ros/humble/share/sensor_msgs/cmake)
[4.507s] -- Found nav_msgs: 4.8.0 (/opt/ros/humble/share/nav_msgs/cmake)
[4.526s] -- Found ament_lint_auto: 0.12.12 (/opt/ros/humble/share/ament_lint_auto/cmake)
[4.611s] -- Added test 'cppcheck' to perform static code analysis on C / C++ code
[4.612s] -- Configured cppcheck include dirs: 
[4.612s] -- Configured cppcheck exclude dirs and/or files: 
[4.613s] -- Added test 'lint_cmake' to check CMake code style
[4.614s] -- Added test 'uncrustify' to check C / C++ code style
[4.614s] -- Configured uncrustify additional arguments: 
[4.614s] -- Added test 'xmllint' to check XML markup files
[4.615s] -- Configuring done
[4.965s] -- Generating done
[4.971s] -- Build files have been written to: /root/ros2_ws/build/track_car
[5.011s] [35m[1mConsolidate compiler generated dependencies of target track_car_node[0m
[5.013s] [ 25%] [32mBuilding CXX object CMakeFiles/control_node.dir/src/control_node.cpp.o[0m
[5.068s] [ 75%] Built target track_car_node
[9.936s] [01m[K/root/ros2_ws/src/track_car/src/control_node.cpp:[m[K In constructor â€˜[01m[KGazeboControlNode::GazeboControlNode()[m[Kâ€™:
[9.936s] [01m[K/root/ros2_ws/src/track_car/src/control_node.cpp:11:13:[m[K [01;31m[Kerror: [m[Kunable to find numeric literal operator â€˜[01m[Koperator""ms[m[Kâ€™
[9.936s]    11 |             [01;31m[K500ms[m[K, std::bind(&GazeboControlNode::send_velocity, this));
[9.936s]       |             [01;31m[K^~~~~[m[K
[11.315s] gmake[2]: *** [CMakeFiles/control_node.dir/build.make:76: CMakeFiles/control_node.dir/src/control_node.cpp.o] Error 1
[11.319s] gmake[1]: *** [CMakeFiles/Makefile2:165: CMakeFiles/control_node.dir/all] Error 2
[11.319s] gmake: *** [Makefile:146: all] Error 2
[11.321s] Invoked command in '/root/ros2_ws/build/track_car' returned '2': CMAKE_PREFIX_PATH=${CMAKE_PREFIX_PATH}:/opt/ros/humble /usr/bin/cmake --build /root/ros2_ws/build/track_car -- -j8 -l8
